This file contains any messages produced by compilers while
running configure, to aid debugging if configure makes a mistake.

It was created by FahMon configure 2.3.2svn, which was
generated by GNU Autoconf 2.61.  Invocation command line was

  $ ./configure 

## --------- ##
## Platform. ##
## --------- ##

hostname = biolpc1710
uname -m = i686
uname -r = 2.6.22.14-72.fc6
uname -s = Linux
uname -v = #1 SMP Wed Nov 21 15:12:59 EST 2007

/usr/bin/uname -p = unknown
/bin/uname -X     = unknown

/bin/arch              = i686
/usr/bin/arch -k       = unknown
/usr/convex/getsysinfo = unknown
/usr/bin/hostinfo      = unknown
/bin/machine           = unknown
/usr/bin/oslevel       = unknown
/bin/universe          = unknown

PATH: /usr/lib/qt-3.3/bin
PATH: /usr/kerberos/bin
PATH: /usr/local/bin
PATH: /usr/bin
PATH: /bin
PATH: /usr/X11R6/bin


## ----------- ##
## Core tests. ##
## ----------- ##

configure:1755: checking for 
configure:1788: result: no
configure:1891: checking for a BSD-compatible install
configure:1947: result: /usr/bin/install -c
configure:1958: checking whether build environment is sane
configure:2001: result: yes
configure:2066: checking for gawk
configure:2082: found /usr/bin/gawk
configure:2093: result: gawk
configure:2104: checking whether make sets $(MAKE)
configure:2125: result: yes
configure:2372: checking for g++
configure:2388: found /usr/bin/g++
configure:2399: result: g++
configure:2430: checking for C++ compiler version
configure:2437: g++ --version >&5
g++ (GCC) 4.1.2 20070626 (Red Hat 4.1.2-13)
Copyright (C) 2006 Free Software Foundation, Inc.
This is free software; see the source for copying conditions.  There is NO
warranty; not even for MERCHANTABILITY or FITNESS FOR A PARTICULAR PURPOSE.

configure:2440: $? = 0
configure:2447: g++ -v >&5
Using built-in specs.
Target: i386-redhat-linux
Configured with: ../configure --prefix=/usr --mandir=/usr/share/man --infodir=/usr/share/info --enable-shared --enable-threads=posix --enable-checking=release --with-system-zlib --enable-__cxa_atexit --disable-libunwind-exceptions --enable-libgcj-multifile --enable-languages=c,c++,objc,obj-c++,java,fortran,ada --enable-java-awt=gtk --disable-dssi --enable-plugin --with-java-home=/usr/lib/jvm/java-1.4.2-gcj-1.4.2.0/jre --with-cpu=generic --host=i386-redhat-linux
Thread model: posix
gcc version 4.1.2 20070626 (Red Hat 4.1.2-13)
configure:2450: $? = 0
configure:2457: g++ -V >&5
g++: '-V' option must have argument
configure:2460: $? = 1
configure:2483: checking for C++ compiler default output file name
configure:2510: g++    conftest.cpp  >&5
configure:2513: $? = 0
configure:2551: result: a.out
configure:2568: checking whether the C++ compiler works
configure:2578: ./a.out
configure:2581: $? = 0
configure:2598: result: yes
configure:2605: checking whether we are cross compiling
configure:2607: result: no
configure:2610: checking for suffix of executables
configure:2617: g++ -o conftest    conftest.cpp  >&5
configure:2620: $? = 0
configure:2644: result: 
configure:2650: checking for suffix of object files
configure:2676: g++ -c   conftest.cpp >&5
configure:2679: $? = 0
configure:2702: result: o
configure:2706: checking whether we are using the GNU C++ compiler
configure:2735: g++ -c   conftest.cpp >&5
configure:2741: $? = 0
configure:2758: result: yes
configure:2763: checking whether g++ accepts -g
configure:2793: g++ -c -g  conftest.cpp >&5
configure:2799: $? = 0
configure:2898: result: yes
configure:2932: checking for style of include used by make
configure:2960: result: GNU
configure:2988: checking dependency style of g++
configure:3078: result: gcc3
configure:3160: checking for wx-config
configure:3192: result: no
configure:3371: error:
		wxWidgets must be installed on your system.

		Please check that wx-config is in path, the directory
		where wxWidgets libraries are installed (returned by
		'wx-config --libs' or 'wx-config --static --libs' command)
		is in LD_LIBRARY_PATH or equivalent variable and
		wxWidgets version is 2.6.3 or above.
		

## ---------------- ##
## Cache variables. ##
## ---------------- ##

ac_cv_cxx_compiler_gnu=yes
ac_cv_env_CCC_set=
ac_cv_env_CCC_value=
ac_cv_env_CC_set=
ac_cv_env_CC_value=
ac_cv_env_CFLAGS_set=
ac_cv_env_CFLAGS_value=
ac_cv_env_CPPFLAGS_set=
ac_cv_env_CPPFLAGS_value=
ac_cv_env_CXXFLAGS_set=
ac_cv_env_CXXFLAGS_value=
ac_cv_env_CXX_set=
ac_cv_env_CXX_value=
ac_cv_env_LDFLAGS_set=
ac_cv_env_LDFLAGS_value=
ac_cv_env_LIBS_set=
ac_cv_env_LIBS_value=
ac_cv_env_build_alias_set=
ac_cv_env_build_alias_value=
ac_cv_env_host_alias_set=
ac_cv_env_host_alias_value=
ac_cv_env_target_alias_set=
ac_cv_env_target_alias_value=
ac_cv_objext=o
ac_cv_path_WX_CONFIG_PATH=no
ac_cv_path_install='/usr/bin/install -c'
ac_cv_prog_AWK=gawk
ac_cv_prog_ac_ct_CXX=g++
ac_cv_prog_cxx_g=yes
ac_cv_prog_make_make_set=yes
am_cv_CXX_dependencies_compiler_type=gcc3

## ----------------- ##
## Output variables. ##
## ----------------- ##

ACLOCAL='${SHELL} /biol/people/as239/fahmon_dev/trunk/missing --run aclocal-1.9'
AMDEPBACKSLASH='\'
AMDEP_FALSE='#'
AMDEP_TRUE=''
AMTAR='${SHELL} /biol/people/as239/fahmon_dev/trunk/missing --run tar'
AUTOCONF='${SHELL} /biol/people/as239/fahmon_dev/trunk/missing --run autoconf'
AUTOHEADER='${SHELL} /biol/people/as239/fahmon_dev/trunk/missing --run autoheader'
AUTOMAKE='${SHELL} /biol/people/as239/fahmon_dev/trunk/missing --run automake-1.9'
AWK='gawk'
CC=''
CCDEPMODE=''
CFLAGS=''
CPPFLAGS=''
CXX='g++'
CXXDEPMODE='depmode=gcc3'
CXXFLAGS='-g -O2'
CYGPATH_W='echo'
DEFS=''
DEPDIR='.deps'
ECHO_C=''
ECHO_N='-n'
ECHO_T=''
EXEEXT=''
GMSGFMT=''
GMSGFMT_015=''
INSTALL_DATA='${INSTALL} -m 644'
INSTALL_PROGRAM='${INSTALL}'
INSTALL_SCRIPT='${INSTALL}'
INSTALL_STRIP_PROGRAM='${SHELL} $(install_sh) -c -s'
INTLLIBS=''
INTL_MACOSX_LIBS=''
LDFLAGS=''
LIBICONV=''
LIBINTL=''
LIBOBJS=''
LIBS=''
LTLIBICONV=''
LTLIBINTL=''
LTLIBOBJS=''
MAKEINFO='${SHELL} /biol/people/as239/fahmon_dev/trunk/missing --run makeinfo'
MSGFMT=''
MSGFMT_015=''
MSGMERGE=''
OBJEXT='o'
PACKAGE='FahMon'
PACKAGE_BUGREPORT='Andrew Schofield the.uncle.fungus@gmail.com'
PACKAGE_NAME='FahMon'
PACKAGE_STRING='FahMon 2.3.2svn'
PACKAGE_TARNAME='FahMon'
PACKAGE_VERSION='2.3.2svn'
PATH_SEPARATOR=':'
POSUB=''
SET_MAKE=''
SHELL='/bin/sh'
STRIP=''
USE_NLS=''
VERSION='2.3.2svn'
WX_CFLAGS=''
WX_CFLAGS_ONLY=''
WX_CONFIG_PATH='no'
WX_CPPFLAGS=''
WX_CXXFLAGS=''
WX_CXXFLAGS_ONLY=''
WX_LIBS=''
WX_LIBS_STATIC=''
WX_RESCOMP=''
WX_VERSION=''
XGETTEXT=''
XGETTEXT_015=''
ac_ct_CC=''
ac_ct_CXX='g++'
ac_prefix_program=''
am__fastdepCC_FALSE=''
am__fastdepCC_TRUE=''
am__fastdepCXX_FALSE='#'
am__fastdepCXX_TRUE=''
am__include='include'
am__leading_dot='.'
am__quote=''
am__tar='${AMTAR} chof - "$$tardir"'
am__untar='${AMTAR} xf -'
bindir='${exec_prefix}/bin'
build=''
build_alias=''
build_cpu=''
build_os=''
build_vendor=''
datadir='${datarootdir}'
datarootdir='${prefix}/share'
docdir='${datarootdir}/doc/${PACKAGE_TARNAME}'
dvidir='${docdir}'
exec_prefix='NONE'
host=''
host_alias=''
host_cpu=''
host_os=''
host_vendor=''
htmldir='${docdir}'
includedir='${prefix}/include'
infodir='${datarootdir}/info'
install_sh='/biol/people/as239/fahmon_dev/trunk/install-sh'
libdir='${exec_prefix}/lib'
libexecdir='${exec_prefix}/libexec'
localedir='${datarootdir}/locale'
localstatedir='${prefix}/var'
mandir='${datarootdir}/man'
mkdir_p='mkdir -p --'
oldincludedir='/usr/include'
pdfdir='${docdir}'
prefix='NONE'
program_transform_name='s,x,x,'
psdir='${docdir}'
sbindir='${exec_prefix}/sbin'
sharedstatedir='${prefix}/com'
sysconfdir='${prefix}/etc'
target_alias=''

## ----------- ##
## confdefs.h. ##
## ----------- ##

#define PACKAGE_NAME "FahMon"
#define PACKAGE_TARNAME "FahMon"
#define PACKAGE_VERSION "2.3.2svn"
#define PACKAGE_STRING "FahMon 2.3.2svn"
#define PACKAGE_BUGREPORT "Andrew Schofield the.uncle.fungus@gmail.com"
#define PACKAGE "FahMon"
#define VERSION "2.3.2svn"

configure: exit 1
